2024-07-22 13:14:51,824 - mmdet - INFO - Environment info:
------------------------------------------------------------
sys.platform: linux
Python: 3.8.19 (default, Mar 20 2024, 19:58:24) [GCC 11.2.0]
CUDA available: True
GPU 0: NVIDIA GeForce RTX 3060 Ti
CUDA_HOME: /home/claudane/anaconda3/envs/genad2
NVCC: Build cuda_11.8.r11.8/compiler.31833905_0
GCC: gcc (Ubuntu 11.4.0-1ubuntu1~22.04) 11.4.0
PyTorch: 1.9.1+cu111
PyTorch compiling details: PyTorch built with:
  - GCC 7.3
  - C++ Version: 201402
  - Intel(R) Math Kernel Library Version 2020.0.0 Product Build 20191122 for Intel(R) 64 architecture applications
  - Intel(R) MKL-DNN v2.1.2 (Git Hash 98be7e8afa711dc9b66c8ff3504129cb82013cdb)
  - OpenMP 201511 (a.k.a. OpenMP 4.5)
  - NNPACK is enabled
  - CPU capability usage: AVX2
  - CUDA Runtime 11.1
  - NVCC architecture flags: -gencode;arch=compute_37,code=sm_37;-gencode;arch=compute_50,code=sm_50;-gencode;arch=compute_60,code=sm_60;-gencode;arch=compute_70,code=sm_70;-gencode;arch=compute_75,code=sm_75;-gencode;arch=compute_80,code=sm_80;-gencode;arch=compute_86,code=sm_86
  - CuDNN 8.0.5
  - Magma 2.5.2
  - Build settings: BLAS_INFO=mkl, BUILD_TYPE=Release, CUDA_VERSION=11.1, CUDNN_VERSION=8.0.5, CXX_COMPILER=/opt/rh/devtoolset-7/root/usr/bin/c++, CXX_FLAGS= -Wno-deprecated -fvisibility-inlines-hidden -DUSE_PTHREADPOOL -fopenmp -DNDEBUG -DUSE_KINETO -DUSE_FBGEMM -DUSE_QNNPACK -DUSE_PYTORCH_QNNPACK -DUSE_XNNPACK -DSYMBOLICATE_MOBILE_DEBUG_HANDLE -O2 -fPIC -Wno-narrowing -Wall -Wextra -Werror=return-type -Wno-missing-field-initializers -Wno-type-limits -Wno-array-bounds -Wno-unknown-pragmas -Wno-sign-compare -Wno-unused-parameter -Wno-unused-variable -Wno-unused-function -Wno-unused-result -Wno-unused-local-typedefs -Wno-strict-overflow -Wno-strict-aliasing -Wno-error=deprecated-declarations -Wno-stringop-overflow -Wno-psabi -Wno-error=pedantic -Wno-error=redundant-decls -Wno-error=old-style-cast -fdiagnostics-color=always -faligned-new -Wno-unused-but-set-variable -Wno-maybe-uninitialized -fno-math-errno -fno-trapping-math -Werror=format -Wno-stringop-overflow, LAPACK_INFO=mkl, PERF_WITH_AVX=1, PERF_WITH_AVX2=1, PERF_WITH_AVX512=1, TORCH_VERSION=1.9.1, USE_CUDA=ON, USE_CUDNN=ON, USE_EXCEPTION_PTR=1, USE_GFLAGS=OFF, USE_GLOG=OFF, USE_MKL=ON, USE_MKLDNN=ON, USE_MPI=OFF, USE_NCCL=ON, USE_NNPACK=ON, USE_OPENMP=ON, 

TorchVision: 0.10.1+cu111
OpenCV: 4.8.0
MMCV: 1.4.0
MMCV Compiler: GCC 11.4
MMCV CUDA Compiler: not available
MMDetection: 2.14.0
MMSegmentation: 0.14.1
MMDetection3D: 0.17.1+4000d2c
------------------------------------------------------------

2024-07-22 13:14:53,645 - mmdet - INFO - Distributed training: True
2024-07-22 13:14:55,275 - mmdet - INFO - Config:
point_cloud_range = [-15.0, -30.0, -2.0, 15.0, 30.0, 2.0]
class_names = [
    'car', 'truck', 'construction_vehicle', 'bus', 'trailer', 'barrier',
    'motorcycle', 'bicycle', 'pedestrian', 'traffic_cone'
]
dataset_type = 'GenADCustomNuScenesDataset'
data_root = 'path/data/nuscenes/'
input_modality = dict(
    use_lidar=False,
    use_camera=True,
    use_radar=False,
    use_map=False,
    use_external=True)
file_client_args = dict(backend='disk')
train_pipeline = [
    dict(type='LoadMultiViewImageFromFiles', to_float32=True),
    dict(type='PhotoMetricDistortionMultiViewImage'),
    dict(
        type='LoadAnnotations3D',
        with_bbox_3d=True,
        with_label_3d=True,
        with_attr_label=True),
    dict(
        type='CustomObjectRangeFilter',
        point_cloud_range=[-15.0, -30.0, -2.0, 15.0, 30.0, 2.0]),
    dict(
        type='CustomObjectNameFilter',
        classes=[
            'car', 'truck', 'construction_vehicle', 'bus', 'trailer',
            'barrier', 'motorcycle', 'bicycle', 'pedestrian', 'traffic_cone'
        ]),
    dict(
        type='NormalizeMultiviewImage',
        mean=[123.675, 116.28, 103.53],
        std=[58.395, 57.12, 57.375],
        to_rgb=True),
    dict(type='RandomScaleImageMultiViewImage', scales=[0.4]),
    dict(type='PadMultiViewImage', size_divisor=32),
    dict(
        type='CustomDefaultFormatBundle3D',
        class_names=[
            'car', 'truck', 'construction_vehicle', 'bus', 'trailer',
            'barrier', 'motorcycle', 'bicycle', 'pedestrian', 'traffic_cone'
        ],
        with_ego=True),
    dict(
        type='CustomCollect3D',
        keys=[
            'gt_bboxes_3d', 'gt_labels_3d', 'img', 'ego_his_trajs',
            'ego_fut_trajs', 'ego_fut_masks', 'ego_fut_cmd', 'ego_lcf_feat',
            'gt_attr_labels'
        ])
]
test_pipeline = [
    dict(type='LoadMultiViewImageFromFiles', to_float32=True),
    dict(
        type='LoadPointsFromFile',
        coord_type='LIDAR',
        load_dim=5,
        use_dim=5,
        file_client_args=dict(backend='disk')),
    dict(
        type='LoadAnnotations3D',
        with_bbox_3d=True,
        with_label_3d=True,
        with_attr_label=True),
    dict(
        type='CustomObjectRangeFilter',
        point_cloud_range=[-15.0, -30.0, -2.0, 15.0, 30.0, 2.0]),
    dict(
        type='CustomObjectNameFilter',
        classes=[
            'car', 'truck', 'construction_vehicle', 'bus', 'trailer',
            'barrier', 'motorcycle', 'bicycle', 'pedestrian', 'traffic_cone'
        ]),
    dict(
        type='NormalizeMultiviewImage',
        mean=[123.675, 116.28, 103.53],
        std=[58.395, 57.12, 57.375],
        to_rgb=True),
    dict(
        type='MultiScaleFlipAug3D',
        img_scale=(1600, 900),
        pts_scale_ratio=1,
        flip=False,
        transforms=[
            dict(type='RandomScaleImageMultiViewImage', scales=[0.4]),
            dict(type='PadMultiViewImage', size_divisor=32),
            dict(
                type='CustomDefaultFormatBundle3D',
                class_names=[
                    'car', 'truck', 'construction_vehicle', 'bus', 'trailer',
                    'barrier', 'motorcycle', 'bicycle', 'pedestrian',
                    'traffic_cone'
                ],
                with_label=False,
                with_ego=True),
            dict(
                type='CustomCollect3D',
                keys=[
                    'points', 'gt_bboxes_3d', 'gt_labels_3d', 'img',
                    'fut_valid_flag', 'ego_his_trajs', 'ego_fut_trajs',
                    'ego_fut_masks', 'ego_fut_cmd', 'ego_lcf_feat',
                    'gt_attr_labels'
                ])
        ])
]
eval_pipeline = [
    dict(
        type='LoadPointsFromFile',
        coord_type='LIDAR',
        load_dim=5,
        use_dim=5,
        file_client_args=dict(backend='disk')),
    dict(
        type='LoadPointsFromMultiSweeps',
        sweeps_num=10,
        file_client_args=dict(backend='disk')),
    dict(
        type='DefaultFormatBundle3D',
        class_names=[
            'car', 'truck', 'trailer', 'bus', 'construction_vehicle',
            'bicycle', 'motorcycle', 'pedestrian', 'traffic_cone', 'barrier'
        ],
        with_label=False),
    dict(type='Collect3D', keys=['points'])
]
data = dict(
    samples_per_gpu=1,
    workers_per_gpu=4,
    train=dict(
        type='GenADCustomNuScenesDataset',
        data_root='path/data/nuscenes/',
        ann_file='path/data/nuscenes/genad_nuscenes_train.pkl',
        pipeline=[
            dict(type='LoadMultiViewImageFromFiles', to_float32=True),
            dict(type='PhotoMetricDistortionMultiViewImage'),
            dict(
                type='LoadAnnotations3D',
                with_bbox_3d=True,
                with_label_3d=True,
                with_attr_label=True),
            dict(
                type='CustomObjectRangeFilter',
                point_cloud_range=[-15.0, -30.0, -2.0, 15.0, 30.0, 2.0]),
            dict(
                type='CustomObjectNameFilter',
                classes=[
                    'car', 'truck', 'construction_vehicle', 'bus', 'trailer',
                    'barrier', 'motorcycle', 'bicycle', 'pedestrian',
                    'traffic_cone'
                ]),
            dict(
                type='NormalizeMultiviewImage',
                mean=[123.675, 116.28, 103.53],
                std=[58.395, 57.12, 57.375],
                to_rgb=True),
            dict(type='RandomScaleImageMultiViewImage', scales=[0.4]),
            dict(type='PadMultiViewImage', size_divisor=32),
            dict(
                type='CustomDefaultFormatBundle3D',
                class_names=[
                    'car', 'truck', 'construction_vehicle', 'bus', 'trailer',
                    'barrier', 'motorcycle', 'bicycle', 'pedestrian',
                    'traffic_cone'
                ],
                with_ego=True),
            dict(
                type='CustomCollect3D',
                keys=[
                    'gt_bboxes_3d', 'gt_labels_3d', 'img', 'ego_his_trajs',
                    'ego_fut_trajs', 'ego_fut_masks', 'ego_fut_cmd',
                    'ego_lcf_feat', 'gt_attr_labels'
                ])
        ],
        classes=[
            'car', 'truck', 'construction_vehicle', 'bus', 'trailer',
            'barrier', 'motorcycle', 'bicycle', 'pedestrian', 'traffic_cone'
        ],
        modality=dict(
            use_lidar=False,
            use_camera=True,
            use_radar=False,
            use_map=False,
            use_external=True),
        test_mode=False,
        box_type_3d='LiDAR',
        use_valid_flag=True,
        bev_size=(100, 100),
        pc_range=[-15.0, -30.0, -2.0, 15.0, 30.0, 2.0],
        queue_length=3,
        map_classes=['divider', 'ped_crossing', 'boundary'],
        map_fixed_ptsnum_per_line=20,
        map_eval_use_same_gt_sample_num_flag=True,
        custom_eval_version='genad_nusc_detection_cvpr_2019'),
    val=dict(
        type='GenADCustomNuScenesDataset',
        ann_file='path/data/nuscenes/genad_nuscenes_val.pkl',
        pipeline=[
            dict(type='LoadMultiViewImageFromFiles', to_float32=True),
            dict(
                type='LoadPointsFromFile',
                coord_type='LIDAR',
                load_dim=5,
                use_dim=5,
                file_client_args=dict(backend='disk')),
            dict(
                type='LoadAnnotations3D',
                with_bbox_3d=True,
                with_label_3d=True,
                with_attr_label=True),
            dict(
                type='CustomObjectRangeFilter',
                point_cloud_range=[-15.0, -30.0, -2.0, 15.0, 30.0, 2.0]),
            dict(
                type='CustomObjectNameFilter',
                classes=[
                    'car', 'truck', 'construction_vehicle', 'bus', 'trailer',
                    'barrier', 'motorcycle', 'bicycle', 'pedestrian',
                    'traffic_cone'
                ]),
            dict(
                type='NormalizeMultiviewImage',
                mean=[123.675, 116.28, 103.53],
                std=[58.395, 57.12, 57.375],
                to_rgb=True),
            dict(
                type='MultiScaleFlipAug3D',
                img_scale=(1600, 900),
                pts_scale_ratio=1,
                flip=False,
                transforms=[
                    dict(type='RandomScaleImageMultiViewImage', scales=[0.4]),
                    dict(type='PadMultiViewImage', size_divisor=32),
                    dict(
                        type='CustomDefaultFormatBundle3D',
                        class_names=[
                            'car', 'truck', 'construction_vehicle', 'bus',
                            'trailer', 'barrier', 'motorcycle', 'bicycle',
                            'pedestrian', 'traffic_cone'
                        ],
                        with_label=False,
                        with_ego=True),
                    dict(
                        type='CustomCollect3D',
                        keys=[
                            'points', 'gt_bboxes_3d', 'gt_labels_3d', 'img',
                            'fut_valid_flag', 'ego_his_trajs', 'ego_fut_trajs',
                            'ego_fut_masks', 'ego_fut_cmd', 'ego_lcf_feat',
                            'gt_attr_labels'
                        ])
                ])
        ],
        classes=[
            'car', 'truck', 'construction_vehicle', 'bus', 'trailer',
            'barrier', 'motorcycle', 'bicycle', 'pedestrian', 'traffic_cone'
        ],
        modality=dict(
            use_lidar=False,
            use_camera=True,
            use_radar=False,
            use_map=False,
            use_external=True),
        test_mode=True,
        box_type_3d='LiDAR',
        data_root='path/data/nuscenes/',
        pc_range=[-15.0, -30.0, -2.0, 15.0, 30.0, 2.0],
        bev_size=(100, 100),
        samples_per_gpu=1,
        map_classes=['divider', 'ped_crossing', 'boundary'],
        map_ann_file='path/data/nuscenes/nuscenes_map_anns_val.json',
        map_fixed_ptsnum_per_line=20,
        map_eval_use_same_gt_sample_num_flag=True,
        use_pkl_result=True,
        custom_eval_version='genad_nusc_detection_cvpr_2019'),
    test=dict(
        type='GenADCustomNuScenesDataset',
        data_root='path/data/nuscenes/',
        ann_file='path/data/nuscenes/genad_nuscenes_val.pkl',
        pipeline=[
            dict(type='LoadMultiViewImageFromFiles', to_float32=True),
            dict(
                type='LoadPointsFromFile',
                coord_type='LIDAR',
                load_dim=5,
                use_dim=5,
                file_client_args=dict(backend='disk')),
            dict(
                type='LoadAnnotations3D',
                with_bbox_3d=True,
                with_label_3d=True,
                with_attr_label=True),
            dict(
                type='CustomObjectRangeFilter',
                point_cloud_range=[-15.0, -30.0, -2.0, 15.0, 30.0, 2.0]),
            dict(
                type='CustomObjectNameFilter',
                classes=[
                    'car', 'truck', 'construction_vehicle', 'bus', 'trailer',
                    'barrier', 'motorcycle', 'bicycle', 'pedestrian',
                    'traffic_cone'
                ]),
            dict(
                type='NormalizeMultiviewImage',
                mean=[123.675, 116.28, 103.53],
                std=[58.395, 57.12, 57.375],
                to_rgb=True),
            dict(
                type='MultiScaleFlipAug3D',
                img_scale=(1600, 900),
                pts_scale_ratio=1,
                flip=False,
                transforms=[
                    dict(type='RandomScaleImageMultiViewImage', scales=[0.4]),
                    dict(type='PadMultiViewImage', size_divisor=32),
                    dict(
                        type='CustomDefaultFormatBundle3D',
                        class_names=[
                            'car', 'truck', 'construction_vehicle', 'bus',
                            'trailer', 'barrier', 'motorcycle', 'bicycle',
                            'pedestrian', 'traffic_cone'
                        ],
                        with_label=False,
                        with_ego=True),
                    dict(
                        type='CustomCollect3D',
                        keys=[
                            'points', 'gt_bboxes_3d', 'gt_labels_3d', 'img',
                            'fut_valid_flag', 'ego_his_trajs', 'ego_fut_trajs',
                            'ego_fut_masks', 'ego_fut_cmd', 'ego_lcf_feat',
                            'gt_attr_labels'
                        ])
                ])
        ],
        classes=[
            'car', 'truck', 'construction_vehicle', 'bus', 'trailer',
            'barrier', 'motorcycle', 'bicycle', 'pedestrian', 'traffic_cone'
        ],
        modality=dict(
            use_lidar=False,
            use_camera=True,
            use_radar=False,
            use_map=False,
            use_external=True),
        test_mode=True,
        box_type_3d='LiDAR',
        pc_range=[-15.0, -30.0, -2.0, 15.0, 30.0, 2.0],
        bev_size=(100, 100),
        samples_per_gpu=1,
        map_classes=['divider', 'ped_crossing', 'boundary'],
        map_ann_file='path/data/nuscenes/nuscenes_map_anns_val.json',
        map_fixed_ptsnum_per_line=20,
        map_eval_use_same_gt_sample_num_flag=True,
        use_pkl_result=True,
        custom_eval_version='genad_nusc_detection_cvpr_2019'),
    shuffler_sampler=dict(type='DistributedGroupSampler'),
    nonshuffler_sampler=dict(type='DistributedSampler'))
evaluation = dict(
    interval=60,
    pipeline=[
        dict(type='LoadMultiViewImageFromFiles', to_float32=True),
        dict(
            type='LoadPointsFromFile',
            coord_type='LIDAR',
            load_dim=5,
            use_dim=5,
            file_client_args=dict(backend='disk')),
        dict(
            type='LoadAnnotations3D',
            with_bbox_3d=True,
            with_label_3d=True,
            with_attr_label=True),
        dict(
            type='CustomObjectRangeFilter',
            point_cloud_range=[-15.0, -30.0, -2.0, 15.0, 30.0, 2.0]),
        dict(
            type='CustomObjectNameFilter',
            classes=[
                'car', 'truck', 'construction_vehicle', 'bus', 'trailer',
                'barrier', 'motorcycle', 'bicycle', 'pedestrian',
                'traffic_cone'
            ]),
        dict(
            type='NormalizeMultiviewImage',
            mean=[123.675, 116.28, 103.53],
            std=[58.395, 57.12, 57.375],
            to_rgb=True),
        dict(
            type='MultiScaleFlipAug3D',
            img_scale=(1600, 900),
            pts_scale_ratio=1,
            flip=False,
            transforms=[
                dict(type='RandomScaleImageMultiViewImage', scales=[0.4]),
                dict(type='PadMultiViewImage', size_divisor=32),
                dict(
                    type='CustomDefaultFormatBundle3D',
                    class_names=[
                        'car', 'truck', 'construction_vehicle', 'bus',
                        'trailer', 'barrier', 'motorcycle', 'bicycle',
                        'pedestrian', 'traffic_cone'
                    ],
                    with_label=False,
                    with_ego=True),
                dict(
                    type='CustomCollect3D',
                    keys=[
                        'points', 'gt_bboxes_3d', 'gt_labels_3d', 'img',
                        'fut_valid_flag', 'ego_his_trajs', 'ego_fut_trajs',
                        'ego_fut_masks', 'ego_fut_cmd', 'ego_lcf_feat',
                        'gt_attr_labels'
                    ])
            ])
    ],
    metric='bbox',
    map_metric='chamfer')
checkpoint_config = dict(interval=1, max_keep_ckpts=60)
log_config = dict(
    interval=100,
    hooks=[dict(type='TextLoggerHook'),
           dict(type='TensorboardLoggerHook')])
dist_params = dict(backend='nccl')
log_level = 'INFO'
work_dir = 'output/training_output'
load_from = None
resume_from = None
workflow = [('train', 1)]
plugin = True
plugin_dir = 'projects/mmdet3d_plugin/'
voxel_size = [0.15, 0.15, 4]
img_norm_cfg = dict(
    mean=[123.675, 116.28, 103.53], std=[58.395, 57.12, 57.375], to_rgb=True)
num_classes = 10
map_classes = ['divider', 'ped_crossing', 'boundary']
map_num_vec = 100
map_fixed_ptsnum_per_gt_line = 20
map_fixed_ptsnum_per_pred_line = 20
map_eval_use_same_gt_sample_num_flag = True
map_num_classes = 3
_dim_ = 256
_pos_dim_ = 128
_ffn_dim_ = 512
_num_levels_ = 1
bev_h_ = 100
bev_w_ = 100
queue_length = 3
total_epochs = 60
model = dict(
    type='GenAD',
    use_grid_mask=True,
    video_test_mode=True,
    pretrained=dict(img='torchvision://resnet50'),
    img_backbone=dict(
        type='ResNet',
        depth=50,
        num_stages=4,
        out_indices=(3, ),
        frozen_stages=1,
        norm_cfg=dict(type='BN', requires_grad=False),
        norm_eval=True,
        style='pytorch'),
    img_neck=dict(
        type='FPN',
        in_channels=[2048],
        out_channels=256,
        start_level=0,
        add_extra_convs='on_output',
        num_outs=1,
        relu_before_extra_convs=True),
    pts_bbox_head=dict(
        type='GenADHead',
        map_thresh=0.5,
        dis_thresh=0.2,
        pe_normalization=True,
        tot_epoch=60,
        use_traj_lr_warmup=False,
        query_thresh=0.0,
        query_use_fix_pad=False,
        ego_his_encoder=None,
        ego_lcf_feat_idx=None,
        valid_fut_ts=6,
        agent_dim=300,
        ego_agent_decoder=dict(
            type='CustomTransformerDecoder',
            num_layers=1,
            return_intermediate=False,
            transformerlayers=dict(
                type='BaseTransformerLayer',
                attn_cfgs=[
                    dict(
                        type='MultiheadAttention',
                        embed_dims=256,
                        num_heads=8,
                        dropout=0.1)
                ],
                feedforward_channels=512,
                ffn_dropout=0.1,
                operation_order=('cross_attn', 'norm', 'ffn', 'norm'))),
        ego_map_decoder=dict(
            type='CustomTransformerDecoder',
            num_layers=1,
            return_intermediate=False,
            transformerlayers=dict(
                type='BaseTransformerLayer',
                attn_cfgs=[
                    dict(
                        type='MultiheadAttention',
                        embed_dims=256,
                        num_heads=8,
                        dropout=0.1)
                ],
                feedforward_channels=512,
                ffn_dropout=0.1,
                operation_order=('cross_attn', 'norm', 'ffn', 'norm'))),
        motion_decoder=dict(
            type='CustomTransformerDecoder',
            num_layers=1,
            return_intermediate=False,
            transformerlayers=dict(
                type='BaseTransformerLayer',
                attn_cfgs=[
                    dict(
                        type='MultiheadAttention',
                        embed_dims=256,
                        num_heads=8,
                        dropout=0.1)
                ],
                feedforward_channels=512,
                ffn_dropout=0.1,
                operation_order=('cross_attn', 'norm', 'ffn', 'norm'))),
        motion_map_decoder=dict(
            type='CustomTransformerDecoder',
            num_layers=1,
            return_intermediate=False,
            transformerlayers=dict(
                type='BaseTransformerLayer',
                attn_cfgs=[
                    dict(
                        type='MultiheadAttention',
                        embed_dims=256,
                        num_heads=8,
                        dropout=0.1)
                ],
                feedforward_channels=512,
                ffn_dropout=0.1,
                operation_order=('cross_attn', 'norm', 'ffn', 'norm'))),
        use_pe=True,
        bev_h=100,
        bev_w=100,
        num_query=300,
        num_classes=10,
        in_channels=256,
        sync_cls_avg_factor=True,
        with_box_refine=True,
        as_two_stage=False,
        map_num_vec=100,
        map_num_classes=3,
        map_num_pts_per_vec=20,
        map_num_pts_per_gt_vec=20,
        map_query_embed_type='instance_pts',
        map_transform_method='minmax',
        map_gt_shift_pts_pattern='v2',
        map_dir_interval=1,
        map_code_size=2,
        map_code_weights=[1.0, 1.0, 1.0, 1.0],
        transformer=dict(
            type='GenADPerceptionTransformer',
            map_num_vec=100,
            map_num_pts_per_vec=20,
            rotate_prev_bev=True,
            use_shift=True,
            use_can_bus=True,
            embed_dims=256,
            encoder=dict(
                type='BEVFormerEncoder',
                num_layers=3,
                pc_range=[-15.0, -30.0, -2.0, 15.0, 30.0, 2.0],
                num_points_in_pillar=4,
                return_intermediate=False,
                transformerlayers=dict(
                    type='BEVFormerLayer',
                    attn_cfgs=[
                        dict(
                            type='TemporalSelfAttention',
                            embed_dims=256,
                            num_levels=1),
                        dict(
                            type='SpatialCrossAttention',
                            pc_range=[-15.0, -30.0, -2.0, 15.0, 30.0, 2.0],
                            deformable_attention=dict(
                                type='MSDeformableAttention3D',
                                embed_dims=256,
                                num_points=8,
                                num_levels=1),
                            embed_dims=256)
                    ],
                    feedforward_channels=512,
                    ffn_dropout=0.1,
                    operation_order=('self_attn', 'norm', 'cross_attn', 'norm',
                                     'ffn', 'norm'))),
            decoder=dict(
                type='DetectionTransformerDecoder',
                num_layers=3,
                return_intermediate=True,
                transformerlayers=dict(
                    type='DetrTransformerDecoderLayer',
                    attn_cfgs=[
                        dict(
                            type='MultiheadAttention',
                            embed_dims=256,
                            num_heads=8,
                            dropout=0.1),
                        dict(
                            type='CustomMSDeformableAttention',
                            embed_dims=256,
                            num_levels=1)
                    ],
                    feedforward_channels=512,
                    ffn_dropout=0.1,
                    operation_order=('self_attn', 'norm', 'cross_attn', 'norm',
                                     'ffn', 'norm'))),
            map_decoder=dict(
                type='MapDetectionTransformerDecoder',
                num_layers=3,
                return_intermediate=True,
                transformerlayers=dict(
                    type='DetrTransformerDecoderLayer',
                    attn_cfgs=[
                        dict(
                            type='MultiheadAttention',
                            embed_dims=256,
                            num_heads=8,
                            dropout=0.1),
                        dict(
                            type='CustomMSDeformableAttention',
                            embed_dims=256,
                            num_levels=1)
                    ],
                    feedforward_channels=512,
                    ffn_dropout=0.1,
                    operation_order=('self_attn', 'norm', 'cross_attn', 'norm',
                                     'ffn', 'norm')))),
        bbox_coder=dict(
            type='CustomNMSFreeCoder',
            post_center_range=[-20, -35, -10.0, 20, 35, 10.0],
            pc_range=[-15.0, -30.0, -2.0, 15.0, 30.0, 2.0],
            max_num=100,
            voxel_size=[0.15, 0.15, 4],
            num_classes=10),
        map_bbox_coder=dict(
            type='MapNMSFreeCoder',
            post_center_range=[-20, -35, -20, -35, 20, 35, 20, 35],
            pc_range=[-15.0, -30.0, -2.0, 15.0, 30.0, 2.0],
            max_num=50,
            voxel_size=[0.15, 0.15, 4],
            num_classes=3),
        positional_encoding=dict(
            type='LearnedPositionalEncoding',
            num_feats=128,
            row_num_embed=100,
            col_num_embed=100),
        loss_cls=dict(
            type='FocalLoss',
            use_sigmoid=True,
            gamma=2.0,
            alpha=0.25,
            loss_weight=2.0),
        loss_bbox=dict(type='L1Loss', loss_weight=0.25),
        loss_traj=dict(type='L1Loss', loss_weight=0.2),
        loss_traj_cls=dict(
            type='FocalLoss',
            use_sigmoid=True,
            gamma=2.0,
            alpha=0.25,
            loss_weight=0.2),
        loss_iou=dict(type='GIoULoss', loss_weight=0.0),
        loss_map_cls=dict(
            type='FocalLoss',
            use_sigmoid=True,
            gamma=2.0,
            alpha=0.25,
            loss_weight=2.0),
        loss_map_bbox=dict(type='L1Loss', loss_weight=0.0),
        loss_map_iou=dict(type='GIoULoss', loss_weight=0.0),
        loss_map_pts=dict(type='PtsL1Loss', loss_weight=1.0),
        loss_map_dir=dict(type='PtsDirCosLoss', loss_weight=0.005),
        loss_plan_reg=dict(type='L1Loss', loss_weight=1.0),
        loss_plan_bound=dict(
            type='PlanMapBoundLoss', loss_weight=1.0, dis_thresh=1.0),
        loss_plan_col=dict(type='PlanCollisionLoss', loss_weight=1.0),
        loss_plan_dir=dict(type='PlanMapDirectionLoss', loss_weight=0.5),
        loss_vae_gen=dict(type='ProbabilisticLoss', loss_weight=1.0),
        loss_diff_gen=dict(type='DiffusionLoss', loss_weight=0.5)),
    train_cfg=dict(
        pts=dict(
            grid_size=[512, 512, 1],
            voxel_size=[0.15, 0.15, 4],
            point_cloud_range=[-15.0, -30.0, -2.0, 15.0, 30.0, 2.0],
            out_size_factor=4,
            assigner=dict(
                type='HungarianAssigner3D',
                cls_cost=dict(type='FocalLossCost', weight=2.0),
                reg_cost=dict(type='BBox3DL1Cost', weight=0.25),
                iou_cost=dict(type='IoUCost', weight=0.0),
                pc_range=[-15.0, -30.0, -2.0, 15.0, 30.0, 2.0]),
            map_assigner=dict(
                type='MapHungarianAssigner3D',
                cls_cost=dict(type='FocalLossCost', weight=2.0),
                reg_cost=dict(
                    type='BBoxL1Cost', weight=0.0, box_format='xywh'),
                iou_cost=dict(type='IoUCost', iou_mode='giou', weight=0.0),
                pts_cost=dict(type='OrderedPtsL1Cost', weight=1.0),
                pc_range=[-15.0, -30.0, -2.0, 15.0, 30.0, 2.0]))))
optimizer = dict(
    type='AdamW',
    lr=0.0002,
    paramwise_cfg=dict(custom_keys=dict(img_backbone=dict(lr_mult=0.1))),
    weight_decay=0.01)
optimizer_config = dict(grad_clip=dict(max_norm=35, norm_type=2))
lr_config = dict(
    policy='CosineAnnealing',
    warmup='linear',
    warmup_iters=500,
    warmup_ratio=0.3333333333333333,
    min_lr_ratio=0.001)
runner = dict(type='EpochBasedRunner', max_epochs=60)
find_unused_parameters = True
custom_hooks = [dict(type='CustomSetEpochInfoHook')]
gpu_ids = range(0, 8)

2024-07-22 13:14:55,276 - mmdet - INFO - Set random seed to 0, deterministic: True
2024-07-22 13:14:55,799 - mmdet - INFO - initialize ResNet with init_cfg {'type': 'Pretrained', 'checkpoint': 'torchvision://resnet50'}
